 
*** VICE Version 3.5 ***
 
Welcome to x64sc, the free portable C64 Emulator.
 
Current VICE team members:
Martin Pottendorfer, Marco van den Heuvel, Fabrizio Gennari, Groepaz, 
Errol Smith, Ingo Korb, Olaf Seibert, Marcus Sutton, Kajtar Zsolt, AreaScout, 
Bas Wassink, Michael C. Martin, Christopher Phillips, David Hogan, 
Empathic Qubit, Roberto Muscedere.
 
This is free software with ABSOLUTELY NO WARRANTY.
See the "About VICE" command for more info.
 
Loading system file `C:\Users\chris\WinVice\GTK3VICE-3.5-win64\bin\..\C64\kernal'.
Loading system file `C:\Users\chris\WinVice\GTK3VICE-3.5-win64\bin\..\C64\basic'.
Loading system file `C:\Users\chris\WinVice\GTK3VICE-3.5-win64\bin\..\C64\chargen'.
Loading system file `C:\Users\chris\WinVice\GTK3VICE-3.5-win64\bin\..\PRINTER\mps803'.
Palette: Loading palette `C:\Users\chris\WinVice\GTK3VICE-3.5-win64\bin\..\PRINTER\mps803.vpl'.
Loading system file `C:\Users\chris\WinVice\GTK3VICE-3.5-win64\bin\..\PRINTER\nl10-cbm'.
Palette: Loading palette `C:\Users\chris\WinVice\GTK3VICE-3.5-win64\bin\..\PRINTER\nl10.vpl'.
NL10: Printer driver initialized.
Palette: Loading palette `C:\Users\chris\WinVice\GTK3VICE-3.5-win64\bin\..\PRINTER\1520.vpl'.
Loading system file `C:\Users\chris\WinVice\GTK3VICE-3.5-win64\bin\..\DRIVES\dos1540'.
Loading system file `C:\Users\chris\WinVice\GTK3VICE-3.5-win64\bin\..\DRIVES\dos1541'.
Loading system file `C:\Users\chris\WinVice\GTK3VICE-3.5-win64\bin\..\DRIVES\d1541II'.
Loading system file `C:\Users\chris\WinVice\GTK3VICE-3.5-win64\bin\..\DRIVES\dos1570'.
Loading system file `C:\Users\chris\WinVice\GTK3VICE-3.5-win64\bin\..\DRIVES\dos1571'.
Loading system file `C:\Users\chris\WinVice\GTK3VICE-3.5-win64\bin\..\DRIVES\dos1581'.
DriveROM: Error - 2000 ROM image not found. Hardware-level 2000 emulation is not available.
DriveROM: Error - 4000 ROM image not found. Hardware-level 4000 emulation is not available.
DriveROM: Error - CMDHD ROM image not found. Hardware-level CMDHD emulation is not available.
Loading system file `C:\Users\chris\WinVice\GTK3VICE-3.5-win64\bin\..\DRIVES\dos2031'.
Loading system file `C:\Users\chris\WinVice\GTK3VICE-3.5-win64\bin\..\DRIVES\dos2040'.
Loading system file `C:\Users\chris\WinVice\GTK3VICE-3.5-win64\bin\..\DRIVES\dos3040'.
Loading system file `C:\Users\chris\WinVice\GTK3VICE-3.5-win64\bin\..\DRIVES\dos4040'.
Loading system file `C:\Users\chris\WinVice\GTK3VICE-3.5-win64\bin\..\DRIVES\dos1001'.
Loading system file `C:\Users\chris\WinVice\GTK3VICE-3.5-win64\bin\..\DRIVES\dos9000'.
Drive: Finished loading ROM images.
VIC-II: Initializing chip model "MOS6569R3" (63 cycles per line, 312 raster lines).
using GTK3 backend: DirectX
Created render thread 0
Render thread initialised
Palette: Loading palette `C:\Users\chris\WinVice\GTK3VICE-3.5-win64\bin\..\C64\pepto-ntsc.vpl'.
Palette: Loading palette `C:\Users\chris\WinVice\GTK3VICE-3.5-win64\bin\..\C64\pepto-ntsc.vpl'.
Sound: Available sound devices: dx wmm dummy fs dump wav voc iff aiff mp3 flac ogg soundmovie
Keyboard: Loading keymap `C:\Users\chris\WinVice\GTK3VICE-3.5-win64\bin\..\C64\gtk3_pos.vkm'.
Keyboard: Warning - gtk3_pos.vkm: !LCBM !VCBM !LCTRL !VCTRL not defined.
AUTOSTART: Autodetecting image type of `C:\Users\chris\Projects\oscar\Tumult!\bin\Tumult.prg'.
Filesystem Image Probe: Error - Import GCR: Unknown GCR image version 48.
Filesystem Image: Unknown disk image `C:\Users\chris\Projects\oscar\Tumult!\bin\Tumult.prg'.
Tape: Error - Cannot open file `C:\Users\chris\Projects\oscar\Tumult!\bin\Tumult.prg'
Error - CRT header invalid.
CART: 'C:\Users\chris\Projects\oscar\Tumult!\bin\Tumult.prg' is not a valid CRT file.
AUTOSTART: Loading PRG file `C:\Users\chris\Projects\oscar\Tumult!\bin\Tumult.prg' with direct RAM injection.
AUTOSTART: Resetting the machine to autostart '*'
VIC-II: VSP Bug: safe channels are: 0146. Emulation of memory corruption is enabled.
AUTOSTART: Turning Warp mode on
AUTOSTART: `C:\Users\chris\Projects\oscar\Tumult!\bin\Tumult.prg' recognized as program/p00 file.
Main CPU: starting at ($FFFC).
Main CPU: RESET.
Unit 8: RESET.
Unit 9: RESET.
Unit 11: RESET.
AUTOSTART: Injecting program data at $0801 (size $3e9a)
AUTOSTART: Ready
AUTOSTART: Turning Warp mode off
AUTOSTART: Starting program.
AUTOSTART: Restoring FileSystemDevice8 to 1.
AUTOSTART: Restoring FSDevice8ConvertP00 to 1.
AUTOSTART: Done.
Initiating render thread 0 shutdown
Joining render thread 0 ...
Render thread shutdown
Joined render thread 0.
VICE thread initiating shutdown
VICE thread is exiting
VICE thread has been joined.
Writing configuration file `C:\Users\chris\AppData\Roaming\vice\vice.ini'.
VIC-II: VSP Bug: safe channels are: 01256. Emulation of memory corruption is enabled.
